2020-07-09 09:44:36.123 5724: http server started listening on [:8199]

  SERVER  | DOMAIN  | ADDRESS | METHOD |      ROUTE      |                                  HANDLER                                  | MIDDLEWARE  
|---------|---------|---------|--------|-----------------|---------------------------------------------------------------------------|------------|
  default | default | :8199   | GET    | /getGoodsDetail | haimait/learn/pachong/guoshu_goodsApi/app/model/mall_goods.GetGoodsDetail |             
|---------|---------|---------|--------|-----------------|---------------------------------------------------------------------------|------------|
  default | default | :8199   | GET    | /getGoodsList   | haimait/learn/pachong/guoshu_goodsApi/app/model/mall_goods.GetGoodsList   |             
|---------|---------|---------|--------|-----------------|---------------------------------------------------------------------------|------------|
  default | default | :8199   | GET    | /ping           | main.main.func1                                                           |             
|---------|---------|---------|--------|-----------------|---------------------------------------------------------------------------|------------|

2020-07-09 09:46:54.443 9007: http server started listening on [:8199]

  SERVER  | DOMAIN  | ADDRESS | METHOD |      ROUTE      |                                  HANDLER                                  | MIDDLEWARE  
|---------|---------|---------|--------|-----------------|---------------------------------------------------------------------------|------------|
  default | default | :8199   | GET    | /getGoodsDetail | haimait/learn/pachong/guoshu_goodsApi/app/model/mall_goods.GetGoodsDetail |             
|---------|---------|---------|--------|-----------------|---------------------------------------------------------------------------|------------|
  default | default | :8199   | GET    | /getGoodsList   | haimait/learn/pachong/guoshu_goodsApi/app/model/mall_goods.GetGoodsList   |             
|---------|---------|---------|--------|-----------------|---------------------------------------------------------------------------|------------|
  default | default | :8199   | GET    | /ping           | main.main.func1                                                           |             
|---------|---------|---------|--------|-----------------|---------------------------------------------------------------------------|------------|

2020-07-09 10:44:19.504 2633: http server started listening on [:8199]

  SERVER  | DOMAIN  | ADDRESS | METHOD |      ROUTE      |                                  HANDLER                                  | MIDDLEWARE  
|---------|---------|---------|--------|-----------------|---------------------------------------------------------------------------|------------|
  default | default | :8199   | GET    | /getGoodsDetail | haimait/learn/pachong/guoshu_goodsApi/app/model/mall_goods.GetGoodsDetail |             
|---------|---------|---------|--------|-----------------|---------------------------------------------------------------------------|------------|
  default | default | :8199   | GET    | /getGoodsList   | haimait/learn/pachong/guoshu_goodsApi/app/model/mall_goods.GetGoodsList   |             
|---------|---------|---------|--------|-----------------|---------------------------------------------------------------------------|------------|
  default | default | :8199   | GET    | /ping           | main.main.func1                                                           |             
|---------|---------|---------|--------|-----------------|---------------------------------------------------------------------------|------------|


  SERVER  | DOMAIN  | ADDRESS | METHOD |      ROUTE      |                                  HANDLER                                  | MIDDLEWARE  
|---------|---------|---------|--------|-----------------|---------------------------------------------------------------------------|------------|
  default | default | :8199   | GET    | /getGoodsDetail | haimait/learn/pachong/guoshu_goodsApi/app/model/mall_goods.GetGoodsDetail |             
|---------|---------|---------|--------|-----------------|---------------------------------------------------------------------------|------------|
  default | default | :8199   | GET    | /getGoodsList   | haimait/learn/pachong/guoshu_goodsApi/app/model/mall_goods.GetGoodsList   |             
|---------|---------|---------|--------|-----------------|---------------------------------------------------------------------------|------------|
  default | default | :8199   | GET    | /ping           | main.main.func1                                                           |             
|---------|---------|---------|--------|-----------------|---------------------------------------------------------------------------|------------|

2020-07-09 11:16:24.480 2634: http server started listening on [:8199]
2020-07-09 11:16:41.806 2978: http server started listening on [:8199]

  SERVER  | DOMAIN  | ADDRESS | METHOD |      ROUTE      |                                  HANDLER                                  | MIDDLEWARE  
|---------|---------|---------|--------|-----------------|---------------------------------------------------------------------------|------------|
  default | default | :8199   | GET    | /getGoodsDetail | haimait/learn/pachong/guoshu_goodsApi/app/model/mall_goods.GetGoodsDetail |             
|---------|---------|---------|--------|-----------------|---------------------------------------------------------------------------|------------|
  default | default | :8199   | GET    | /getGoodsList   | haimait/learn/pachong/guoshu_goodsApi/app/model/mall_goods.GetGoodsList   |             
|---------|---------|---------|--------|-----------------|---------------------------------------------------------------------------|------------|
  default | default | :8199   | GET    | /ping           | main.main.func1                                                           |             
|---------|---------|---------|--------|-----------------|---------------------------------------------------------------------------|------------|


  SERVER  | DOMAIN  | ADDRESS | METHOD |      ROUTE      |                                  HANDLER                                  | MIDDLEWARE  
|---------|---------|---------|--------|-----------------|---------------------------------------------------------------------------|------------|
  default | default | :8199   | GET    | /getGoodsDetail | haimait/learn/pachong/guoshu_goodsApi/app/model/mall_goods.GetGoodsDetail |             
|---------|---------|---------|--------|-----------------|---------------------------------------------------------------------------|------------|
  default | default | :8199   | GET    | /getGoodsList   | haimait/learn/pachong/guoshu_goodsApi/app/model/mall_goods.GetGoodsList   |             
|---------|---------|---------|--------|-----------------|---------------------------------------------------------------------------|------------|
  default | default | :8199   | GET    | /ping           | main.main.func1                                                           |             
|---------|---------|---------|--------|-----------------|---------------------------------------------------------------------------|------------|

2020-07-09 11:22:02.395 8427: http server started listening on [:8199]
2020-07-09 11:23:39.495 [ghttp] 8427: all servers shutdown
2020-07-09 11:23:55.685 10319: http server started listening on [:8199]

  SERVER  | DOMAIN  | ADDRESS | METHOD |      ROUTE      |                                  HANDLER                                  | MIDDLEWARE  
|---------|---------|---------|--------|-----------------|---------------------------------------------------------------------------|------------|
  default | default | :8199   | GET    | /getGoodsDetail | haimait/learn/pachong/guoshu_goodsApi/app/model/mall_goods.GetGoodsDetail |             
|---------|---------|---------|--------|-----------------|---------------------------------------------------------------------------|------------|
  default | default | :8199   | GET    | /getGoodsList   | haimait/learn/pachong/guoshu_goodsApi/app/model/mall_goods.GetGoodsList   |             
|---------|---------|---------|--------|-----------------|---------------------------------------------------------------------------|------------|
  default | default | :8199   | GET    | /ping           | main.main.func1                                                           |             
|---------|---------|---------|--------|-----------------|---------------------------------------------------------------------------|------------|


  SERVER  | DOMAIN  | ADDRESS | METHOD |      ROUTE      |                                  HANDLER                                  | MIDDLEWARE  
|---------|---------|---------|--------|-----------------|---------------------------------------------------------------------------|------------|
  default | default | :8199   | GET    | /getGoodsDetail | haimait/learn/pachong/guoshu_goodsApi/app/model/mall_goods.GetGoodsDetail |             
|---------|---------|---------|--------|-----------------|---------------------------------------------------------------------------|------------|
  default | default | :8199   | GET    | /getGoodsList   | haimait/learn/pachong/guoshu_goodsApi/app/model/mall_goods.GetGoodsList   |             
|---------|---------|---------|--------|-----------------|---------------------------------------------------------------------------|------------|
  default | default | :8199   | GET    | /ping           | main.main.func1                                                           |             
|---------|---------|---------|--------|-----------------|---------------------------------------------------------------------------|------------|

2020-07-09 11:53:05.488 7602: http server started listening on [:8199]

  SERVER  | DOMAIN  | ADDRESS | METHOD |      ROUTE      |                                  HANDLER                                  | MIDDLEWARE  
|---------|---------|---------|--------|-----------------|---------------------------------------------------------------------------|------------|
  default | default | :8199   | GET    | /getGoodsDetail | haimait/learn/pachong/guoshu_goodsApi/app/model/mall_goods.GetGoodsDetail |             
|---------|---------|---------|--------|-----------------|---------------------------------------------------------------------------|------------|
  default | default | :8199   | GET    | /getGoodsList   | haimait/learn/pachong/guoshu_goodsApi/app/model/mall_goods.GetGoodsList   |             
|---------|---------|---------|--------|-----------------|---------------------------------------------------------------------------|------------|
  default | default | :8199   | GET    | /ping           | main.main.func1                                                           |             
|---------|---------|---------|--------|-----------------|---------------------------------------------------------------------------|------------|

2020-07-09 11:56:03.336 10680: http server started listening on [:8199]
2020-07-09 14:44:28.587 12476: http server started listening on [:8199]

  SERVER  | DOMAIN  | ADDRESS | METHOD |      ROUTE      |                                  HANDLER                                  | MIDDLEWARE  
|---------|---------|---------|--------|-----------------|---------------------------------------------------------------------------|------------|
  default | default | :8199   | GET    | /getGoodsDetail | haimait/learn/pachong/guoshu_goodsApi/app/model/mall_goods.GetGoodsDetail |             
|---------|---------|---------|--------|-----------------|---------------------------------------------------------------------------|------------|
  default | default | :8199   | GET    | /getGoodsList   | haimait/learn/pachong/guoshu_goodsApi/app/model/mall_goods.GetGoodsList   |             
|---------|---------|---------|--------|-----------------|---------------------------------------------------------------------------|------------|
  default | default | :8199   | GET    | /ping           | main.main.func1                                                           |             
|---------|---------|---------|--------|-----------------|---------------------------------------------------------------------------|------------|


  SERVER  | DOMAIN  | ADDRESS | METHOD |      ROUTE      |                                  HANDLER                                  | MIDDLEWARE  
|---------|---------|---------|--------|-----------------|---------------------------------------------------------------------------|------------|
  default | default | :8199   | GET    | /getGoodsDetail | haimait/learn/pachong/guoshu_goodsApi/app/model/mall_goods.GetGoodsDetail |             
|---------|---------|---------|--------|-----------------|---------------------------------------------------------------------------|------------|
  default | default | :8199   | GET    | /getGoodsList   | haimait/learn/pachong/guoshu_goodsApi/app/model/mall_goods.GetGoodsList   |             
|---------|---------|---------|--------|-----------------|---------------------------------------------------------------------------|------------|
  default | default | :8199   | GET    | /ping           | main.main.func1                                                           |             
|---------|---------|---------|--------|-----------------|---------------------------------------------------------------------------|------------|

2020-07-09 14:49:22.634 17556: http server started listening on [:8199]
2020-07-09 14:56:00.343 24178: http server started listening on [:8199]

  SERVER  | DOMAIN  | ADDRESS | METHOD |      ROUTE      |                                  HANDLER                                  | MIDDLEWARE  
|---------|---------|---------|--------|-----------------|---------------------------------------------------------------------------|------------|
  default | default | :8199   | GET    | /getGoodsDetail | haimait/learn/pachong/guoshu_goodsApi/app/model/mall_goods.GetGoodsDetail |             
|---------|---------|---------|--------|-----------------|---------------------------------------------------------------------------|------------|
  default | default | :8199   | GET    | /getGoodsList   | haimait/learn/pachong/guoshu_goodsApi/app/model/mall_goods.GetGoodsList   |             
|---------|---------|---------|--------|-----------------|---------------------------------------------------------------------------|------------|
  default | default | :8199   | GET    | /ping           | main.main.func1                                                           |             
|---------|---------|---------|--------|-----------------|---------------------------------------------------------------------------|------------|


  SERVER  | DOMAIN  | ADDRESS | METHOD |      ROUTE      |                                  HANDLER                                  | MIDDLEWARE  
|---------|---------|---------|--------|-----------------|---------------------------------------------------------------------------|------------|
  default | default | :8199   | GET    | /getGoodsDetail | haimait/learn/pachong/guoshu_goodsApi/app/model/mall_goods.GetGoodsDetail |             
|---------|---------|---------|--------|-----------------|---------------------------------------------------------------------------|------------|
  default | default | :8199   | GET    | /getGoodsList   | haimait/learn/pachong/guoshu_goodsApi/app/model/mall_goods.GetGoodsList   |             
|---------|---------|---------|--------|-----------------|---------------------------------------------------------------------------|------------|
  default | default | :8199   | GET    | /ping           | main.main.func1                                                           |             
|---------|---------|---------|--------|-----------------|---------------------------------------------------------------------------|------------|

2020-07-09 16:33:48.143 32167: http server started listening on [:8199]
2020-07-09 16:34:55.900 1075: http server started listening on [:8199]

  SERVER  | DOMAIN  | ADDRESS | METHOD |      ROUTE      |                                  HANDLER                                  | MIDDLEWARE  
|---------|---------|---------|--------|-----------------|---------------------------------------------------------------------------|------------|
  default | default | :8199   | GET    | /getGoodsDetail | haimait/learn/pachong/guoshu_goodsApi/app/model/mall_goods.GetGoodsDetail |             
|---------|---------|---------|--------|-----------------|---------------------------------------------------------------------------|------------|
  default | default | :8199   | GET    | /getGoodsList   | haimait/learn/pachong/guoshu_goodsApi/app/model/mall_goods.GetGoodsList   |             
|---------|---------|---------|--------|-----------------|---------------------------------------------------------------------------|------------|
  default | default | :8199   | GET    | /ping           | main.main.func1                                                           |             
|---------|---------|---------|--------|-----------------|---------------------------------------------------------------------------|------------|

2020-07-09 16:35:38.170 1904: http server started listening on [:8199]

  SERVER  | DOMAIN  | ADDRESS | METHOD |      ROUTE      |                                  HANDLER                                  | MIDDLEWARE  
|---------|---------|---------|--------|-----------------|---------------------------------------------------------------------------|------------|
  default | default | :8199   | GET    | /getGoodsDetail | haimait/learn/pachong/guoshu_goodsApi/app/model/mall_goods.GetGoodsDetail |             
|---------|---------|---------|--------|-----------------|---------------------------------------------------------------------------|------------|
  default | default | :8199   | GET    | /getGoodsList   | haimait/learn/pachong/guoshu_goodsApi/app/model/mall_goods.GetGoodsList   |             
|---------|---------|---------|--------|-----------------|---------------------------------------------------------------------------|------------|
  default | default | :8199   | GET    | /ping           | main.main.func1                                                           |             
|---------|---------|---------|--------|-----------------|---------------------------------------------------------------------------|------------|


  SERVER  | DOMAIN  | ADDRESS | METHOD |      ROUTE      |                                  HANDLER                                  | MIDDLEWARE  
|---------|---------|---------|--------|-----------------|---------------------------------------------------------------------------|------------|
  default | default | :8199   | GET    | /getGoodsDetail | haimait/learn/pachong/guoshu_goodsApi/app/model/mall_goods.GetGoodsDetail |             
|---------|---------|---------|--------|-----------------|---------------------------------------------------------------------------|------------|
  default | default | :8199   | GET    | /getGoodsList   | haimait/learn/pachong/guoshu_goodsApi/app/model/mall_goods.GetGoodsList   |             
|---------|---------|---------|--------|-----------------|---------------------------------------------------------------------------|------------|
  default | default | :8199   | GET    | /ping           | main.main.func1                                                           |             
|---------|---------|---------|--------|-----------------|---------------------------------------------------------------------------|------------|

2020-07-09 16:36:27.394 2788: http server started listening on [:8199]

  SERVER  | DOMAIN  | ADDRESS | METHOD |      ROUTE      |                                  HANDLER                                  | MIDDLEWARE  
|---------|---------|---------|--------|-----------------|---------------------------------------------------------------------------|------------|
  default | default | :8199   | GET    | /getGoodsDetail | haimait/learn/pachong/guoshu_goodsApi/app/model/mall_goods.GetGoodsDetail |             
|---------|---------|---------|--------|-----------------|---------------------------------------------------------------------------|------------|
  default | default | :8199   | GET    | /getGoodsList   | haimait/learn/pachong/guoshu_goodsApi/app/model/mall_goods.GetGoodsList   |             
|---------|---------|---------|--------|-----------------|---------------------------------------------------------------------------|------------|
  default | default | :8199   | GET    | /ping           | main.main.func1                                                           |             
|---------|---------|---------|--------|-----------------|---------------------------------------------------------------------------|------------|

2020-07-09 16:38:00.163 4380: http server started listening on [:8199]

  SERVER  | DOMAIN  | ADDRESS | METHOD |      ROUTE      |                                  HANDLER                                  | MIDDLEWARE  
|---------|---------|---------|--------|-----------------|---------------------------------------------------------------------------|------------|
  default | default | :8199   | GET    | /getGoodsDetail | haimait/learn/pachong/guoshu_goodsApi/app/model/mall_goods.GetGoodsDetail |             
|---------|---------|---------|--------|-----------------|---------------------------------------------------------------------------|------------|
  default | default | :8199   | GET    | /getGoodsList   | haimait/learn/pachong/guoshu_goodsApi/app/model/mall_goods.GetGoodsList   |             
|---------|---------|---------|--------|-----------------|---------------------------------------------------------------------------|------------|
  default | default | :8199   | GET    | /ping           | main.main.func1                                                           |             
|---------|---------|---------|--------|-----------------|---------------------------------------------------------------------------|------------|

2020-07-09 16:38:23.807 4847: http server started listening on [:8199]
2020-07-09 16:39:23.216 5881: http server started listening on [:8199]

  SERVER  | DOMAIN  | ADDRESS | METHOD |      ROUTE      |                                  HANDLER                                  | MIDDLEWARE  
|---------|---------|---------|--------|-----------------|---------------------------------------------------------------------------|------------|
  default | default | :8199   | GET    | /getGoodsDetail | haimait/learn/pachong/guoshu_goodsApi/app/model/mall_goods.GetGoodsDetail |             
|---------|---------|---------|--------|-----------------|---------------------------------------------------------------------------|------------|
  default | default | :8199   | GET    | /getGoodsList   | haimait/learn/pachong/guoshu_goodsApi/app/model/mall_goods.GetGoodsList   |             
|---------|---------|---------|--------|-----------------|---------------------------------------------------------------------------|------------|
  default | default | :8199   | GET    | /ping           | main.main.func1                                                           |             
|---------|---------|---------|--------|-----------------|---------------------------------------------------------------------------|------------|


  SERVER  | DOMAIN  | ADDRESS | METHOD |      ROUTE      |                                  HANDLER                                  | MIDDLEWARE  
|---------|---------|---------|--------|-----------------|---------------------------------------------------------------------------|------------|
  default | default | :8199   | GET    | /getGoodsDetail | haimait/learn/pachong/guoshu_goodsApi/app/model/mall_goods.GetGoodsDetail |             
|---------|---------|---------|--------|-----------------|---------------------------------------------------------------------------|------------|
  default | default | :8199   | GET    | /getGoodsList   | haimait/learn/pachong/guoshu_goodsApi/app/model/mall_goods.GetGoodsList   |             
|---------|---------|---------|--------|-----------------|---------------------------------------------------------------------------|------------|
  default | default | :8199   | GET    | /ping           | main.main.func1                                                           |             
|---------|---------|---------|--------|-----------------|---------------------------------------------------------------------------|------------|

2020-07-09 16:39:47.956 6448: http server started listening on [:8199]
2020-07-09 16:40:17.841 7011: http server started listening on [:8199]

  SERVER  | DOMAIN  | ADDRESS | METHOD |      ROUTE      |                                  HANDLER                                  | MIDDLEWARE  
|---------|---------|---------|--------|-----------------|---------------------------------------------------------------------------|------------|
  default | default | :8199   | GET    | /getGoodsDetail | haimait/learn/pachong/guoshu_goodsApi/app/model/mall_goods.GetGoodsDetail |             
|---------|---------|---------|--------|-----------------|---------------------------------------------------------------------------|------------|
  default | default | :8199   | GET    | /getGoodsList   | haimait/learn/pachong/guoshu_goodsApi/app/model/mall_goods.GetGoodsList   |             
|---------|---------|---------|--------|-----------------|---------------------------------------------------------------------------|------------|
  default | default | :8199   | GET    | /ping           | main.main.func1                                                           |             
|---------|---------|---------|--------|-----------------|---------------------------------------------------------------------------|------------|

2020-07-09 16:41:26.130 8380: http server started listening on [:8199]

  SERVER  | DOMAIN  | ADDRESS | METHOD |      ROUTE      |                                  HANDLER                                  | MIDDLEWARE  
|---------|---------|---------|--------|-----------------|---------------------------------------------------------------------------|------------|
  default | default | :8199   | GET    | /getGoodsDetail | haimait/learn/pachong/guoshu_goodsApi/app/model/mall_goods.GetGoodsDetail |             
|---------|---------|---------|--------|-----------------|---------------------------------------------------------------------------|------------|
  default | default | :8199   | GET    | /getGoodsList   | haimait/learn/pachong/guoshu_goodsApi/app/model/mall_goods.GetGoodsList   |             
|---------|---------|---------|--------|-----------------|---------------------------------------------------------------------------|------------|
  default | default | :8199   | GET    | /ping           | main.main.func1                                                           |             
|---------|---------|---------|--------|-----------------|---------------------------------------------------------------------------|------------|


  SERVER  | DOMAIN  | ADDRESS | METHOD |      ROUTE      |                                  HANDLER                                  | MIDDLEWARE  
|---------|---------|---------|--------|-----------------|---------------------------------------------------------------------------|------------|
  default | default | :8199   | GET    | /getGoodsDetail | haimait/learn/pachong/guoshu_goodsApi/app/model/mall_goods.GetGoodsDetail |             
|---------|---------|---------|--------|-----------------|---------------------------------------------------------------------------|------------|
  default | default | :8199   | GET    | /getGoodsList   | haimait/learn/pachong/guoshu_goodsApi/app/model/mall_goods.GetGoodsList   |             
|---------|---------|---------|--------|-----------------|---------------------------------------------------------------------------|------------|
  default | default | :8199   | GET    | /ping           | main.main.func1                                                           |             
|---------|---------|---------|--------|-----------------|---------------------------------------------------------------------------|------------|

2020-07-09 16:48:06.687 15118: http server started listening on [:8199]

  SERVER  | DOMAIN  | ADDRESS | METHOD |      ROUTE      |                                  HANDLER                                  | MIDDLEWARE  
|---------|---------|---------|--------|-----------------|---------------------------------------------------------------------------|------------|
  default | default | :8199   | GET    | /getGoodsDetail | haimait/learn/pachong/guoshu_goodsApi/app/model/mall_goods.GetGoodsDetail |             
|---------|---------|---------|--------|-----------------|---------------------------------------------------------------------------|------------|
  default | default | :8199   | GET    | /getGoodsList   | haimait/learn/pachong/guoshu_goodsApi/app/model/mall_goods.GetGoodsList   |             
|---------|---------|---------|--------|-----------------|---------------------------------------------------------------------------|------------|
  default | default | :8199   | GET    | /ping           | main.main.func1                                                           |             
|---------|---------|---------|--------|-----------------|---------------------------------------------------------------------------|------------|

2020-07-09 16:48:14.214 15316: http server started listening on [:8199]
2020-07-09 16:49:54.148 17002: http server started listening on [:8199]

  SERVER  | DOMAIN  | ADDRESS | METHOD |      ROUTE      |                                  HANDLER                                  | MIDDLEWARE  
|---------|---------|---------|--------|-----------------|---------------------------------------------------------------------------|------------|
  default | default | :8199   | GET    | /getGoodsDetail | haimait/learn/pachong/guoshu_goodsApi/app/model/mall_goods.GetGoodsDetail |             
|---------|---------|---------|--------|-----------------|---------------------------------------------------------------------------|------------|
  default | default | :8199   | GET    | /getGoodsList   | haimait/learn/pachong/guoshu_goodsApi/app/model/mall_goods.GetGoodsList   |             
|---------|---------|---------|--------|-----------------|---------------------------------------------------------------------------|------------|
  default | default | :8199   | GET    | /ping           | main.main.func1                                                           |             
|---------|---------|---------|--------|-----------------|---------------------------------------------------------------------------|------------|


  SERVER  | DOMAIN  | ADDRESS | METHOD |      ROUTE      |                                  HANDLER                                  | MIDDLEWARE  
|---------|---------|---------|--------|-----------------|---------------------------------------------------------------------------|------------|
  default | default | :8199   | GET    | /getGoodsDetail | haimait/learn/pachong/guoshu_goodsApi/app/model/mall_goods.GetGoodsDetail |             
|---------|---------|---------|--------|-----------------|---------------------------------------------------------------------------|------------|
  default | default | :8199   | GET    | /getGoodsList   | haimait/learn/pachong/guoshu_goodsApi/app/model/mall_goods.GetGoodsList   |             
|---------|---------|---------|--------|-----------------|---------------------------------------------------------------------------|------------|
  default | default | :8199   | GET    | /ping           | main.main.func1                                                           |             
|---------|---------|---------|--------|-----------------|---------------------------------------------------------------------------|------------|

2020-07-09 16:52:56.108 20057: http server started listening on [:8199]
2020-07-09 16:54:01.820 21140: http server started listening on [:8199]

  SERVER  | DOMAIN  | ADDRESS | METHOD |      ROUTE      |                                  HANDLER                                  | MIDDLEWARE  
|---------|---------|---------|--------|-----------------|---------------------------------------------------------------------------|------------|
  default | default | :8199   | GET    | /getGoodsDetail | haimait/learn/pachong/guoshu_goodsApi/app/model/mall_goods.GetGoodsDetail |             
|---------|---------|---------|--------|-----------------|---------------------------------------------------------------------------|------------|
  default | default | :8199   | GET    | /getGoodsList   | haimait/learn/pachong/guoshu_goodsApi/app/model/mall_goods.GetGoodsList   |             
|---------|---------|---------|--------|-----------------|---------------------------------------------------------------------------|------------|
  default | default | :8199   | GET    | /ping           | main.main.func1                                                           |             
|---------|---------|---------|--------|-----------------|---------------------------------------------------------------------------|------------|


  SERVER  | DOMAIN  | ADDRESS | METHOD |      ROUTE      |                                  HANDLER                                  | MIDDLEWARE  
|---------|---------|---------|--------|-----------------|---------------------------------------------------------------------------|------------|
  default | default | :8199   | GET    | /getGoodsDetail | haimait/learn/pachong/guoshu_goodsApi/app/model/mall_goods.GetGoodsDetail |             
|---------|---------|---------|--------|-----------------|---------------------------------------------------------------------------|------------|
  default | default | :8199   | GET    | /getGoodsList   | haimait/learn/pachong/guoshu_goodsApi/app/model/mall_goods.GetGoodsList   |             
|---------|---------|---------|--------|-----------------|---------------------------------------------------------------------------|------------|
  default | default | :8199   | GET    | /ping           | main.main.func1                                                           |             
|---------|---------|---------|--------|-----------------|---------------------------------------------------------------------------|------------|

2020-07-09 16:54:43.483 21929: http server started listening on [:8199]
2020-07-09 16:55:24.189 22652: http server started listening on [:8199]

  SERVER  | DOMAIN  | ADDRESS | METHOD |      ROUTE      |                                  HANDLER                                  | MIDDLEWARE  
|---------|---------|---------|--------|-----------------|---------------------------------------------------------------------------|------------|
  default | default | :8199   | GET    | /getGoodsDetail | haimait/learn/pachong/guoshu_goodsApi/app/model/mall_goods.GetGoodsDetail |             
|---------|---------|---------|--------|-----------------|---------------------------------------------------------------------------|------------|
  default | default | :8199   | GET    | /getGoodsList   | haimait/learn/pachong/guoshu_goodsApi/app/model/mall_goods.GetGoodsList   |             
|---------|---------|---------|--------|-----------------|---------------------------------------------------------------------------|------------|
  default | default | :8199   | GET    | /ping           | main.main.func1                                                           |             
|---------|---------|---------|--------|-----------------|---------------------------------------------------------------------------|------------|

2020-07-09 16:56:00.772 23328: http server started listening on [:8199]

  SERVER  | DOMAIN  | ADDRESS | METHOD |      ROUTE      |                                  HANDLER                                  | MIDDLEWARE  
|---------|---------|---------|--------|-----------------|---------------------------------------------------------------------------|------------|
  default | default | :8199   | GET    | /getGoodsDetail | haimait/learn/pachong/guoshu_goodsApi/app/model/mall_goods.GetGoodsDetail |             
|---------|---------|---------|--------|-----------------|---------------------------------------------------------------------------|------------|
  default | default | :8199   | GET    | /getGoodsList   | haimait/learn/pachong/guoshu_goodsApi/app/model/mall_goods.GetGoodsList   |             
|---------|---------|---------|--------|-----------------|---------------------------------------------------------------------------|------------|
  default | default | :8199   | GET    | /ping           | main.main.func1                                                           |             
|---------|---------|---------|--------|-----------------|---------------------------------------------------------------------------|------------|

2020-07-09 16:56:32.605 23947: http server started listening on [:8199]

  SERVER  | DOMAIN  | ADDRESS | METHOD |      ROUTE      |                                  HANDLER                                  | MIDDLEWARE  
|---------|---------|---------|--------|-----------------|---------------------------------------------------------------------------|------------|
  default | default | :8199   | GET    | /getGoodsDetail | haimait/learn/pachong/guoshu_goodsApi/app/model/mall_goods.GetGoodsDetail |             
|---------|---------|---------|--------|-----------------|---------------------------------------------------------------------------|------------|
  default | default | :8199   | GET    | /getGoodsList   | haimait/learn/pachong/guoshu_goodsApi/app/model/mall_goods.GetGoodsList   |             
|---------|---------|---------|--------|-----------------|---------------------------------------------------------------------------|------------|
  default | default | :8199   | GET    | /ping           | main.main.func1                                                           |             
|---------|---------|---------|--------|-----------------|---------------------------------------------------------------------------|------------|

