
  SERVER  | DOMAIN  | ADDRESS | METHOD |      ROUTE      |                                  HANDLER                                  | MIDDLEWARE  
|---------|---------|---------|--------|-----------------|---------------------------------------------------------------------------|------------|
  default | default | :8199   | GET    | /getGoodsDetail | haimait/learn/pachong/guoshu_goodsApi/app/model/mall_goods.GetGoodsDetail |             
|---------|---------|---------|--------|-----------------|---------------------------------------------------------------------------|------------|
  default | default | :8199   | GET    | /getGoodsList   | haimait/learn/pachong/guoshu_goodsApi/app/model/mall_goods.GetGoodsList   |             
|---------|---------|---------|--------|-----------------|---------------------------------------------------------------------------|------------|
  default | default | :8199   | GET    | /ping           | main.main.func1                                                           |             
|---------|---------|---------|--------|-----------------|---------------------------------------------------------------------------|------------|

2020-09-17 17:35:54.771 7143: http server started listening on [:8199]
2020-09-17 17:36:03.857 [ghttp] 7143: all servers shutdown
2020-09-17 17:36:23.415 8325: http server started listening on [:8199]

  SERVER  | DOMAIN  | ADDRESS | METHOD |      ROUTE      |                                  HANDLER                                  | MIDDLEWARE  
|---------|---------|---------|--------|-----------------|---------------------------------------------------------------------------|------------|
  default | default | :8199   | GET    | /getGoodsDetail | haimait/learn/pachong/guoshu_goodsApi/app/model/mall_goods.GetGoodsDetail |             
|---------|---------|---------|--------|-----------------|---------------------------------------------------------------------------|------------|
  default | default | :8199   | GET    | /getGoodsList   | haimait/learn/pachong/guoshu_goodsApi/app/model/mall_goods.GetGoodsList   |             
|---------|---------|---------|--------|-----------------|---------------------------------------------------------------------------|------------|
  default | default | :8199   | GET    | /ping           | main.main.func1                                                           |             
|---------|---------|---------|--------|-----------------|---------------------------------------------------------------------------|------------|

2020-09-17 17:40:43.828 12870: http server started listening on [:8199]

  SERVER  | DOMAIN  | ADDRESS | METHOD |      ROUTE      |                                  HANDLER                                  | MIDDLEWARE  
|---------|---------|---------|--------|-----------------|---------------------------------------------------------------------------|------------|
  default | default | :8199   | GET    | /getGoodsDetail | haimait/learn/pachong/guoshu_goodsApi/app/model/mall_goods.GetGoodsDetail |             
|---------|---------|---------|--------|-----------------|---------------------------------------------------------------------------|------------|
  default | default | :8199   | GET    | /getGoodsList   | haimait/learn/pachong/guoshu_goodsApi/app/model/mall_goods.GetGoodsList   |             
|---------|---------|---------|--------|-----------------|---------------------------------------------------------------------------|------------|
  default | default | :8199   | GET    | /ping           | main.main.func1                                                           |             
|---------|---------|---------|--------|-----------------|---------------------------------------------------------------------------|------------|

2020-09-17 18:03:53.792 3574: http server started listening on [:8199]

  SERVER  | DOMAIN  | ADDRESS | METHOD |      ROUTE      |                                  HANDLER                                  | MIDDLEWARE  
|---------|---------|---------|--------|-----------------|---------------------------------------------------------------------------|------------|
  default | default | :8199   | GET    | /getGoodsDetail | haimait/learn/pachong/guoshu_goodsApi/app/model/mall_goods.GetGoodsDetail |             
|---------|---------|---------|--------|-----------------|---------------------------------------------------------------------------|------------|
  default | default | :8199   | GET    | /getGoodsList   | haimait/learn/pachong/guoshu_goodsApi/app/model/mall_goods.GetGoodsList   |             
|---------|---------|---------|--------|-----------------|---------------------------------------------------------------------------|------------|
  default | default | :8199   | GET    | /ping           | main.main.func1                                                           |             
|---------|---------|---------|--------|-----------------|---------------------------------------------------------------------------|------------|

