2020-07-03 06:26:51.477 20860: http server started listening on [:8199]

  SERVER  | DOMAIN  | ADDRESS | METHOD |     ROUTE      |     HANDLER     | MIDDLEWARE  
|---------|---------|---------|--------|----------------|-----------------|------------|
  default | default | :8199   | GET    | /              | main.main.func1 |             
|---------|---------|---------|--------|----------------|-----------------|------------|
  default | default | :8199   | POST   | /login         | main.main.func4 |             
|---------|---------|---------|--------|----------------|-----------------|------------|
  default | default | :8199   | GET    | /login2        | main.main.func2 |             
|---------|---------|---------|--------|----------------|-----------------|------------|
  default | default | :8199   | GET    | /login3        | main.main.func3 |             
|---------|---------|---------|--------|----------------|-----------------|------------|
  default | default | :8199   | POST   | /logout        | main.main.func9 |             
|---------|---------|---------|--------|----------------|-----------------|------------|
  default | default | :8199   | GET    | /user/index    | main.main.func5 |             
|---------|---------|---------|--------|----------------|-----------------|------------|
  default | default | :8199   | GET    | /user/index2   | main.main.func6 |             
|---------|---------|---------|--------|----------------|-----------------|------------|
  default | default | :8199   | GET    | /user/index3   | main.main.func7 |             
|---------|---------|---------|--------|----------------|-----------------|------------|
  default | default | :8199   | GET    | /user/uesrlist | main.main.func8 |             
|---------|---------|---------|--------|----------------|-----------------|------------|

2020-07-03 06:29:35.484 [ghttp] 20860: all servers shutdown
2020-07-03 06:29:39.056 24768: http server started listening on [:8199]

  SERVER  | DOMAIN  | ADDRESS | METHOD |     ROUTE      |     HANDLER     | MIDDLEWARE  
|---------|---------|---------|--------|----------------|-----------------|------------|
  default | default | :8199   | GET    | /              | main.main.func1 |             
|---------|---------|---------|--------|----------------|-----------------|------------|
  default | default | :8199   | POST   | /login         | main.main.func4 |             
|---------|---------|---------|--------|----------------|-----------------|------------|
  default | default | :8199   | GET    | /login2        | main.main.func2 |             
|---------|---------|---------|--------|----------------|-----------------|------------|
  default | default | :8199   | GET    | /login3        | main.main.func3 |             
|---------|---------|---------|--------|----------------|-----------------|------------|
  default | default | :8199   | POST   | /logout        | main.main.func9 |             
|---------|---------|---------|--------|----------------|-----------------|------------|
  default | default | :8199   | GET    | /user/index    | main.main.func5 |             
|---------|---------|---------|--------|----------------|-----------------|------------|
  default | default | :8199   | GET    | /user/index2   | main.main.func6 |             
|---------|---------|---------|--------|----------------|-----------------|------------|
  default | default | :8199   | GET    | /user/index3   | main.main.func7 |             
|---------|---------|---------|--------|----------------|-----------------|------------|
  default | default | :8199   | GET    | /user/uesrlist | main.main.func8 |             
|---------|---------|---------|--------|----------------|-----------------|------------|

2020-07-03 06:55:33.828 [ghttp] 24768: all servers shutdown
2020-07-03 06:55:36.957 23940: http server started listening on [:8199]

  SERVER  | DOMAIN  | ADDRESS | METHOD |     ROUTE      |     HANDLER     | MIDDLEWARE  
|---------|---------|---------|--------|----------------|-----------------|------------|
  default | default | :8199   | GET    | /              | main.main.func1 |             
|---------|---------|---------|--------|----------------|-----------------|------------|
  default | default | :8199   | POST   | /login         | main.main.func4 |             
|---------|---------|---------|--------|----------------|-----------------|------------|
  default | default | :8199   | GET    | /login2        | main.main.func2 |             
|---------|---------|---------|--------|----------------|-----------------|------------|
  default | default | :8199   | GET    | /login3        | main.main.func3 |             
|---------|---------|---------|--------|----------------|-----------------|------------|
  default | default | :8199   | POST   | /logout        | main.main.func9 |             
|---------|---------|---------|--------|----------------|-----------------|------------|
  default | default | :8199   | GET    | /user/index    | main.main.func5 |             
|---------|---------|---------|--------|----------------|-----------------|------------|
  default | default | :8199   | GET    | /user/index2   | main.main.func6 |             
|---------|---------|---------|--------|----------------|-----------------|------------|
  default | default | :8199   | GET    | /user/index3   | main.main.func7 |             
|---------|---------|---------|--------|----------------|-----------------|------------|
  default | default | :8199   | GET    | /user/uesrlist | main.main.func8 |             
|---------|---------|---------|--------|----------------|-----------------|------------|

2020-07-03 07:25:47.009 [ghttp] 23940: all servers shutdown
2020-07-03 07:54:21.500 29601: http server started listening on [:8199]

  SERVER  | DOMAIN  | ADDRESS | METHOD |  ROUTE  |     HANDLER     | MIDDLEWARE  
|---------|---------|---------|--------|---------|-----------------|------------|
  default | default | :8199   | GET    | /login3 | main.main.func1 |             
|---------|---------|---------|--------|---------|-----------------|------------|
  default | default | :8199   | POST   | /logout | main.main.func2 |             
|---------|---------|---------|--------|---------|-----------------|------------|

2020-07-03 07:56:27.836 [ghttp] 29601: all servers shutdown

  SERVER  | DOMAIN  | ADDRESS | METHOD |  ROUTE  |     HANDLER     | MIDDLEWARE  
|---------|---------|---------|--------|---------|-----------------|------------|
  default | default | :8199   | GET    | /login3 | main.main.func1 |             
|---------|---------|---------|--------|---------|-----------------|------------|
  default | default | :8199   | POST   | /logout | main.main.func2 |             
|---------|---------|---------|--------|---------|-----------------|------------|

2020-07-03 07:58:56.175 2243: http server started listening on [:8199]

  SERVER  | DOMAIN  |    ADDRESS     | METHOD |    ROUTE     |     HANDLER     |     MIDDLEWARE       
|---------|---------|----------------|--------|--------------|-----------------|---------------------|
  default | default | :8199,tls:8080 | POST   | /login       | main.main.func2 |                      
|---------|---------|----------------|--------|--------------|-----------------|---------------------|
  default | default | :8199,tls:8080 | GET    | /login3      | main.main.func1 |                      
|---------|---------|----------------|--------|--------------|-----------------|---------------------|
  default | default | :8199,tls:8080 | POST   | /logout      | main.main.func5 |                      
|---------|---------|----------------|--------|--------------|-----------------|---------------------|
  default | default | :8199,tls:8080 | GET    | /user/index3 | main.main.func3 | main.MiddlewareAuth  
|---------|---------|----------------|--------|--------------|-----------------|---------------------|
  default | default | :8199,tls:8080 | GET    | /user/list   | main.main.func4 | main.MiddlewareAuth  
|---------|---------|----------------|--------|--------------|-----------------|---------------------|

2020-07-03 08:02:09.419 5548: http server started listening on [:8199]
2020-07-03 08:02:09.420 5548: https server started listening on [:8080]
2020-07-03 08:02:44.210 6171: http server started listening on [:8199]

  SERVER  | DOMAIN  |    ADDRESS     | METHOD |    ROUTE     |     HANDLER     |     MIDDLEWARE       
|---------|---------|----------------|--------|--------------|-----------------|---------------------|
  default | default | :8199,tls:8080 | POST   | /login       | main.main.func2 |                      
|---------|---------|----------------|--------|--------------|-----------------|---------------------|
  default | default | :8199,tls:8080 | GET    | /login3      | main.main.func1 |                      
|---------|---------|----------------|--------|--------------|-----------------|---------------------|
  default | default | :8199,tls:8080 | POST   | /logout      | main.main.func5 |                      
|---------|---------|----------------|--------|--------------|-----------------|---------------------|
  default | default | :8199,tls:8080 | GET    | /user/index3 | main.main.func3 | main.MiddlewareAuth  
|---------|---------|----------------|--------|--------------|-----------------|---------------------|
  default | default | :8199,tls:8080 | GET    | /user/list   | main.main.func4 | main.MiddlewareAuth  
|---------|---------|----------------|--------|--------------|-----------------|---------------------|

2020-07-03 08:02:44.212 6171: https server started listening on [:8080]
2020-07-03 08:02:47.988 [ghttp] 6171: all servers shutdown

  SERVER  | DOMAIN  |    ADDRESS     | METHOD |    ROUTE     |     HANDLER     |     MIDDLEWARE       
|---------|---------|----------------|--------|--------------|-----------------|---------------------|
  default | default | :8199,tls:8080 | POST   | /login       | main.main.func2 |                      
|---------|---------|----------------|--------|--------------|-----------------|---------------------|
  default | default | :8199,tls:8080 | GET    | /login3      | main.main.func1 |                      
|---------|---------|----------------|--------|--------------|-----------------|---------------------|
  default | default | :8199,tls:8080 | POST   | /logout      | main.main.func5 |                      
|---------|---------|----------------|--------|--------------|-----------------|---------------------|
  default | default | :8199,tls:8080 | GET    | /user/index3 | main.main.func3 | main.MiddlewareAuth  
|---------|---------|----------------|--------|--------------|-----------------|---------------------|
  default | default | :8199,tls:8080 | GET    | /user/list   | main.main.func4 | main.MiddlewareAuth  
|---------|---------|----------------|--------|--------------|-----------------|---------------------|

2020-07-03 08:02:52.259 6395: http server started listening on [:8199]
2020-07-03 08:02:52.260 6395: https server started listening on [:8080]

  SERVER  | DOMAIN  |    ADDRESS     | METHOD |    ROUTE     |     HANDLER     |     MIDDLEWARE       
|---------|---------|----------------|--------|--------------|-----------------|---------------------|
  default | default | :8199,tls:8080 | POST   | /login       | main.main.func2 |                      
|---------|---------|----------------|--------|--------------|-----------------|---------------------|
  default | default | :8199,tls:8080 | GET    | /login3      | main.main.func1 |                      
|---------|---------|----------------|--------|--------------|-----------------|---------------------|
  default | default | :8199,tls:8080 | POST   | /logout      | main.main.func5 |                      
|---------|---------|----------------|--------|--------------|-----------------|---------------------|
  default | default | :8199,tls:8080 | GET    | /user/index3 | main.main.func3 | main.MiddlewareAuth  
|---------|---------|----------------|--------|--------------|-----------------|---------------------|
  default | default | :8199,tls:8080 | GET    | /user/list   | main.main.func4 | main.MiddlewareAuth  
|---------|---------|----------------|--------|--------------|-----------------|---------------------|

2020-07-03 08:04:26.821 8135: http server started listening on [:8199]
2020-07-03 08:04:26.822 8135: https server started listening on [:8080]
2020-07-03 08:04:36.839 [ghttp] 8135: all servers shutdown
2020-07-03 08:04:39.381 8426: http server started listening on [:8199]

  SERVER  | DOMAIN  |    ADDRESS     | METHOD |    ROUTE     |     HANDLER     |     MIDDLEWARE       
|---------|---------|----------------|--------|--------------|-----------------|---------------------|
  default | default | :8199,tls:8080 | POST   | /login       | main.main.func2 |                      
|---------|---------|----------------|--------|--------------|-----------------|---------------------|
  default | default | :8199,tls:8080 | GET    | /login3      | main.main.func1 |                      
|---------|---------|----------------|--------|--------------|-----------------|---------------------|
  default | default | :8199,tls:8080 | POST   | /logout      | main.main.func5 |                      
|---------|---------|----------------|--------|--------------|-----------------|---------------------|
  default | default | :8199,tls:8080 | GET    | /user/index3 | main.main.func3 | main.MiddlewareAuth  
|---------|---------|----------------|--------|--------------|-----------------|---------------------|
  default | default | :8199,tls:8080 | GET    | /user/list   | main.main.func4 | main.MiddlewareAuth  
|---------|---------|----------------|--------|--------------|-----------------|---------------------|

2020-07-03 08:04:39.383 8426: https server started listening on [:8080]
2020-07-03 08:05:02.087 8964: http server started listening on [:8199]

  SERVER  | DOMAIN  |    ADDRESS     | METHOD |    ROUTE     |     HANDLER     |     MIDDLEWARE       
|---------|---------|----------------|--------|--------------|-----------------|---------------------|
  default | default | :8199,tls:8080 | POST   | /login       | main.main.func2 |                      
|---------|---------|----------------|--------|--------------|-----------------|---------------------|
  default | default | :8199,tls:8080 | GET    | /login3      | main.main.func1 |                      
|---------|---------|----------------|--------|--------------|-----------------|---------------------|
  default | default | :8199,tls:8080 | POST   | /logout      | main.main.func5 |                      
|---------|---------|----------------|--------|--------------|-----------------|---------------------|
  default | default | :8199,tls:8080 | GET    | /user/index3 | main.main.func3 | main.MiddlewareAuth  
|---------|---------|----------------|--------|--------------|-----------------|---------------------|
  default | default | :8199,tls:8080 | GET    | /user/list   | main.main.func4 | main.MiddlewareAuth  
|---------|---------|----------------|--------|--------------|-----------------|---------------------|

2020-07-03 08:05:02.088 8964: https server started listening on [:8080]
2020-07-03 08:06:31.880 10567: http server started listening on [:8199]

  SERVER  | DOMAIN  |    ADDRESS     | METHOD |    ROUTE     |     HANDLER     |     MIDDLEWARE       
|---------|---------|----------------|--------|--------------|-----------------|---------------------|
  default | default | :8199,tls:8080 | POST   | /login       | main.main.func1 |                      
|---------|---------|----------------|--------|--------------|-----------------|---------------------|
  default | default | :8199,tls:8080 | POST   | /logout      | main.main.func4 |                      
|---------|---------|----------------|--------|--------------|-----------------|---------------------|
  default | default | :8199,tls:8080 | GET    | /user/index3 | main.main.func2 | main.MiddlewareAuth  
|---------|---------|----------------|--------|--------------|-----------------|---------------------|
  default | default | :8199,tls:8080 | GET    | /user/list   | main.main.func3 | main.MiddlewareAuth  
|---------|---------|----------------|--------|--------------|-----------------|---------------------|

2020-07-03 08:06:31.881 10567: https server started listening on [:8080]
2020-07-03 08:11:28.929 15613: http server started listening on [:8199]

  SERVER  | DOMAIN  |    ADDRESS     | METHOD |    ROUTE     |     HANDLER     |     MIDDLEWARE       
|---------|---------|----------------|--------|--------------|-----------------|---------------------|
  default | default | :8199,tls:8080 | POST   | /login       | main.main.func2 |                      
|---------|---------|----------------|--------|--------------|-----------------|---------------------|
  default | default | :8199,tls:8080 | GET    | /login3      | main.main.func1 |                      
|---------|---------|----------------|--------|--------------|-----------------|---------------------|
  default | default | :8199,tls:8080 | POST   | /logout      | main.main.func5 |                      
|---------|---------|----------------|--------|--------------|-----------------|---------------------|
  default | default | :8199,tls:8080 | GET    | /user/index3 | main.main.func3 | main.MiddlewareAuth  
|---------|---------|----------------|--------|--------------|-----------------|---------------------|
  default | default | :8199,tls:8080 | GET    | /user/list   | main.main.func4 | main.MiddlewareAuth  
|---------|---------|----------------|--------|--------------|-----------------|---------------------|

2020-07-03 08:11:28.930 15613: https server started listening on [:8080]
2020-07-03 08:13:13.272 17397: http server started listening on [:8199]

  SERVER  | DOMAIN  |    ADDRESS     | METHOD |    ROUTE     |     HANDLER     |     MIDDLEWARE       
|---------|---------|----------------|--------|--------------|-----------------|---------------------|
  default | default | :8199,tls:8080 | POST   | /login       | main.main.func2 |                      
|---------|---------|----------------|--------|--------------|-----------------|---------------------|
  default | default | :8199,tls:8080 | GET    | /login3      | main.main.func1 |                      
|---------|---------|----------------|--------|--------------|-----------------|---------------------|
  default | default | :8199,tls:8080 | POST   | /logout      | main.main.func5 |                      
|---------|---------|----------------|--------|--------------|-----------------|---------------------|
  default | default | :8199,tls:8080 | GET    | /user/index3 | main.main.func3 | main.MiddlewareAuth  
|---------|---------|----------------|--------|--------------|-----------------|---------------------|
  default | default | :8199,tls:8080 | GET    | /user/list   | main.main.func4 | main.MiddlewareAuth  
|---------|---------|----------------|--------|--------------|-----------------|---------------------|

2020-07-03 08:13:13.272 17397: https server started listening on [:8080]
2020-07-03 08:13:33.007 17785: http server started listening on [:8199]

  SERVER  | DOMAIN  |    ADDRESS     | METHOD |    ROUTE     |     HANDLER     |     MIDDLEWARE       
|---------|---------|----------------|--------|--------------|-----------------|---------------------|
  default | default | :8199,tls:8080 | POST   | /login       | main.main.func2 |                      
|---------|---------|----------------|--------|--------------|-----------------|---------------------|
  default | default | :8199,tls:8080 | GET    | /login3      | main.main.func1 |                      
|---------|---------|----------------|--------|--------------|-----------------|---------------------|
  default | default | :8199,tls:8080 | POST   | /logout      | main.main.func5 |                      
|---------|---------|----------------|--------|--------------|-----------------|---------------------|
  default | default | :8199,tls:8080 | GET    | /user/index3 | main.main.func3 | main.MiddlewareAuth  
|---------|---------|----------------|--------|--------------|-----------------|---------------------|
  default | default | :8199,tls:8080 | GET    | /user/list   | main.main.func4 | main.MiddlewareAuth  
|---------|---------|----------------|--------|--------------|-----------------|---------------------|

2020-07-03 08:13:33.010 17785: https server started listening on [:8080]
2020-07-03 08:16:17.543 [ghttp] 17785: all servers shutdown

  SERVER  | DOMAIN  |    ADDRESS     | METHOD |    ROUTE     |     HANDLER     |     MIDDLEWARE       
|---------|---------|----------------|--------|--------------|-----------------|---------------------|
  default | default | :8199,tls:8080 | POST   | /login       | main.main.func2 |                      
|---------|---------|----------------|--------|--------------|-----------------|---------------------|
  default | default | :8199,tls:8080 | GET    | /login3      | main.main.func1 |                      
|---------|---------|----------------|--------|--------------|-----------------|---------------------|
  default | default | :8199,tls:8080 | POST   | /logout      | main.main.func5 |                      
|---------|---------|----------------|--------|--------------|-----------------|---------------------|
  default | default | :8199,tls:8080 | GET    | /user/index3 | main.main.func3 | main.MiddlewareAuth  
|---------|---------|----------------|--------|--------------|-----------------|---------------------|
  default | default | :8199,tls:8080 | GET    | /user/list   | main.main.func4 | main.MiddlewareAuth  
|---------|---------|----------------|--------|--------------|-----------------|---------------------|

2020-07-03 08:16:21.343 21270: http server started listening on [:8199]
2020-07-03 08:16:21.343 21270: https server started listening on [:8080]

  SERVER  | DOMAIN  |    ADDRESS     | METHOD |    ROUTE     |     HANDLER     |     MIDDLEWARE       
|---------|---------|----------------|--------|--------------|-----------------|---------------------|
  default | default | :8199,tls:8080 | POST   | /login       | main.main.func2 |                      
|---------|---------|----------------|--------|--------------|-----------------|---------------------|
  default | default | :8199,tls:8080 | GET    | /login3      | main.main.func1 |                      
|---------|---------|----------------|--------|--------------|-----------------|---------------------|
  default | default | :8199,tls:8080 | POST   | /logout      | main.main.func5 |                      
|---------|---------|----------------|--------|--------------|-----------------|---------------------|
  default | default | :8199,tls:8080 | GET    | /user/index3 | main.main.func3 | main.MiddlewareAuth  
|---------|---------|----------------|--------|--------------|-----------------|---------------------|
  default | default | :8199,tls:8080 | GET    | /user/list   | main.main.func4 | main.MiddlewareAuth  
|---------|---------|----------------|--------|--------------|-----------------|---------------------|

2020-07-03 08:18:05.825 23889: http server started listening on [:8199]
2020-07-03 08:18:05.826 23889: https server started listening on [:8080]
2020-07-03 08:18:23.710 24282: http server started listening on [:8199]

  SERVER  | DOMAIN  |    ADDRESS     | METHOD |    ROUTE     |     HANDLER     |     MIDDLEWARE       
|---------|---------|----------------|--------|--------------|-----------------|---------------------|
  default | default | :8199,tls:8080 | POST   | /login       | main.main.func2 |                      
|---------|---------|----------------|--------|--------------|-----------------|---------------------|
  default | default | :8199,tls:8080 | GET    | /login3      | main.main.func1 |                      
|---------|---------|----------------|--------|--------------|-----------------|---------------------|
  default | default | :8199,tls:8080 | POST   | /logout      | main.main.func5 |                      
|---------|---------|----------------|--------|--------------|-----------------|---------------------|
  default | default | :8199,tls:8080 | GET    | /user/index3 | main.main.func3 | main.MiddlewareAuth  
|---------|---------|----------------|--------|--------------|-----------------|---------------------|
  default | default | :8199,tls:8080 | GET    | /user/list   | main.main.func4 | main.MiddlewareAuth  
|---------|---------|----------------|--------|--------------|-----------------|---------------------|

2020-07-03 08:18:23.711 24282: https server started listening on [:8080]

  SERVER  | DOMAIN  |    ADDRESS     | METHOD |    ROUTE     |     HANDLER     |     MIDDLEWARE       
|---------|---------|----------------|--------|--------------|-----------------|---------------------|
  default | default | :8199,tls:8080 | POST   | /login       | main.main.func2 |                      
|---------|---------|----------------|--------|--------------|-----------------|---------------------|
  default | default | :8199,tls:8080 | GET    | /login3      | main.main.func1 |                      
|---------|---------|----------------|--------|--------------|-----------------|---------------------|
  default | default | :8199,tls:8080 | POST   | /logout      | main.main.func5 |                      
|---------|---------|----------------|--------|--------------|-----------------|---------------------|
  default | default | :8199,tls:8080 | GET    | /user/index3 | main.main.func3 | main.MiddlewareAuth  
|---------|---------|----------------|--------|--------------|-----------------|---------------------|
  default | default | :8199,tls:8080 | GET    | /user/list   | main.main.func4 | main.MiddlewareAuth  
|---------|---------|----------------|--------|--------------|-----------------|---------------------|

2020-07-03 08:18:55.764 24858: http server started listening on [:8199]
2020-07-03 08:18:55.765 24858: https server started listening on [:8080]

  SERVER  | DOMAIN  |    ADDRESS     | METHOD |    ROUTE     |     HANDLER     |     MIDDLEWARE       
|---------|---------|----------------|--------|--------------|-----------------|---------------------|
  default | default | :8199,tls:8080 | POST   | /login       | main.main.func2 |                      
|---------|---------|----------------|--------|--------------|-----------------|---------------------|
  default | default | :8199,tls:8080 | GET    | /login3      | main.main.func1 |                      
|---------|---------|----------------|--------|--------------|-----------------|---------------------|
  default | default | :8199,tls:8080 | POST   | /logout      | main.main.func5 |                      
|---------|---------|----------------|--------|--------------|-----------------|---------------------|
  default | default | :8199,tls:8080 | GET    | /user/index3 | main.main.func3 | main.MiddlewareAuth  
|---------|---------|----------------|--------|--------------|-----------------|---------------------|
  default | default | :8199,tls:8080 | GET    | /user/list   | main.main.func4 | main.MiddlewareAuth  
|---------|---------|----------------|--------|--------------|-----------------|---------------------|

2020-07-03 08:20:10.566 26179: http server started listening on [:8199]
2020-07-03 08:20:10.568 26179: https server started listening on [:8080]
2020-07-03 08:21:23.361 27393: http server started listening on [:8199]

  SERVER  | DOMAIN  |    ADDRESS     | METHOD |    ROUTE     |     HANDLER     |     MIDDLEWARE       
|---------|---------|----------------|--------|--------------|-----------------|---------------------|
  default | default | :8199,tls:8080 | POST   | /login       | main.main.func2 |                      
|---------|---------|----------------|--------|--------------|-----------------|---------------------|
  default | default | :8199,tls:8080 | GET    | /login3      | main.main.func1 |                      
|---------|---------|----------------|--------|--------------|-----------------|---------------------|
  default | default | :8199,tls:8080 | POST   | /logout      | main.main.func5 |                      
|---------|---------|----------------|--------|--------------|-----------------|---------------------|
  default | default | :8199,tls:8080 | GET    | /user/index3 | main.main.func3 | main.MiddlewareAuth  
|---------|---------|----------------|--------|--------------|-----------------|---------------------|
  default | default | :8199,tls:8080 | GET    | /user/list   | main.main.func4 | main.MiddlewareAuth  
|---------|---------|----------------|--------|--------------|-----------------|---------------------|

2020-07-03 08:21:23.362 27393: https server started listening on [:8080]
2020-07-03 08:21:28.201 [ghttp] 27393: all servers shutdown
2020-07-03 08:21:32.794 27618: http server started listening on [:8199]

  SERVER  | DOMAIN  |    ADDRESS     | METHOD |    ROUTE     |     HANDLER     |     MIDDLEWARE       
|---------|---------|----------------|--------|--------------|-----------------|---------------------|
  default | default | :8199,tls:8080 | POST   | /login       | main.main.func2 |                      
|---------|---------|----------------|--------|--------------|-----------------|---------------------|
  default | default | :8199,tls:8080 | GET    | /login3      | main.main.func1 |                      
|---------|---------|----------------|--------|--------------|-----------------|---------------------|
  default | default | :8199,tls:8080 | POST   | /logout      | main.main.func5 |                      
|---------|---------|----------------|--------|--------------|-----------------|---------------------|
  default | default | :8199,tls:8080 | GET    | /user/index3 | main.main.func3 | main.MiddlewareAuth  
|---------|---------|----------------|--------|--------------|-----------------|---------------------|
  default | default | :8199,tls:8080 | GET    | /user/list   | main.main.func4 | main.MiddlewareAuth  
|---------|---------|----------------|--------|--------------|-----------------|---------------------|

2020-07-03 08:21:32.795 27618: https server started listening on [:8080]
2020-07-03 08:23:10.512 29312: http server started listening on [:8199]

  SERVER  | DOMAIN  |    ADDRESS     | METHOD |    ROUTE     |     HANDLER     |     MIDDLEWARE       
|---------|---------|----------------|--------|--------------|-----------------|---------------------|
  default | default | :8199,tls:8080 | POST   | /login       | main.main.func2 |                      
|---------|---------|----------------|--------|--------------|-----------------|---------------------|
  default | default | :8199,tls:8080 | GET    | /login3      | main.main.func1 |                      
|---------|---------|----------------|--------|--------------|-----------------|---------------------|
  default | default | :8199,tls:8080 | POST   | /logout      | main.main.func5 |                      
|---------|---------|----------------|--------|--------------|-----------------|---------------------|
  default | default | :8199,tls:8080 | GET    | /user/index3 | main.main.func3 | main.MiddlewareAuth  
|---------|---------|----------------|--------|--------------|-----------------|---------------------|
  default | default | :8199,tls:8080 | GET    | /user/list   | main.main.func4 | main.MiddlewareAuth  
|---------|---------|----------------|--------|--------------|-----------------|---------------------|

2020-07-03 08:23:10.513 29312: https server started listening on [:8080]
2020-07-03 08:24:31.286 [ghttp] 29312: all servers shutdown
2020-07-03 08:24:34.392 30767: http server started listening on [:8199]

  SERVER  | DOMAIN  |    ADDRESS     | METHOD |    ROUTE     |     HANDLER     |     MIDDLEWARE       
|---------|---------|----------------|--------|--------------|-----------------|---------------------|
  default | default | :8199,tls:8080 | POST   | /login       | main.main.func2 |                      
|---------|---------|----------------|--------|--------------|-----------------|---------------------|
  default | default | :8199,tls:8080 | GET    | /login3      | main.main.func1 |                      
|---------|---------|----------------|--------|--------------|-----------------|---------------------|
  default | default | :8199,tls:8080 | POST   | /logout      | main.main.func5 |                      
|---------|---------|----------------|--------|--------------|-----------------|---------------------|
  default | default | :8199,tls:8080 | GET    | /user/index3 | main.main.func3 | main.MiddlewareAuth  
|---------|---------|----------------|--------|--------------|-----------------|---------------------|
  default | default | :8199,tls:8080 | GET    | /user/list   | main.main.func4 | main.MiddlewareAuth  
|---------|---------|----------------|--------|--------------|-----------------|---------------------|

2020-07-03 08:24:34.393 30767: https server started listening on [:8080]

  SERVER  | DOMAIN  |    ADDRESS     | METHOD |    ROUTE     |     HANDLER     |     MIDDLEWARE       
|---------|---------|----------------|--------|--------------|-----------------|---------------------|
  default | default | :8199,tls:8080 | POST   | /login       | main.main.func2 |                      
|---------|---------|----------------|--------|--------------|-----------------|---------------------|
  default | default | :8199,tls:8080 | GET    | /login3      | main.main.func1 |                      
|---------|---------|----------------|--------|--------------|-----------------|---------------------|
  default | default | :8199,tls:8080 | POST   | /logout      | main.main.func5 |                      
|---------|---------|----------------|--------|--------------|-----------------|---------------------|
  default | default | :8199,tls:8080 | GET    | /user/index3 | main.main.func3 | main.MiddlewareAuth  
|---------|---------|----------------|--------|--------------|-----------------|---------------------|
  default | default | :8199,tls:8080 | GET    | /user/list   | main.main.func4 | main.MiddlewareAuth  
|---------|---------|----------------|--------|--------------|-----------------|---------------------|

2020-07-03 08:25:29.919 31712: http server started listening on [:8199]
2020-07-03 08:25:29.920 31712: https server started listening on [:8080]
2020-07-03 08:26:41.877 456: http server started listening on [:8199]

  SERVER  | DOMAIN  |    ADDRESS     | METHOD |    ROUTE     |     HANDLER     |     MIDDLEWARE       
|---------|---------|----------------|--------|--------------|-----------------|---------------------|
  default | default | :8199,tls:8080 | POST   | /login       | main.main.func2 |                      
|---------|---------|----------------|--------|--------------|-----------------|---------------------|
  default | default | :8199,tls:8080 | GET    | /login3      | main.main.func1 |                      
|---------|---------|----------------|--------|--------------|-----------------|---------------------|
  default | default | :8199,tls:8080 | POST   | /logout      | main.main.func5 |                      
|---------|---------|----------------|--------|--------------|-----------------|---------------------|
  default | default | :8199,tls:8080 | GET    | /user/index3 | main.main.func3 | main.MiddlewareAuth  
|---------|---------|----------------|--------|--------------|-----------------|---------------------|
  default | default | :8199,tls:8080 | GET    | /user/list   | main.main.func4 | main.MiddlewareAuth  
|---------|---------|----------------|--------|--------------|-----------------|---------------------|

2020-07-03 08:26:41.878 456: https server started listening on [:8080]
2020-07-03 08:27:48.505 [ghttp] 456: all servers shutdown
2020-07-03 08:27:51.084 1921: http server started listening on [:8199]

  SERVER  | DOMAIN  |    ADDRESS     | METHOD |    ROUTE     |     HANDLER     |     MIDDLEWARE       
|---------|---------|----------------|--------|--------------|-----------------|---------------------|
  default | default | :8199,tls:8080 | POST   | /login       | main.main.func2 |                      
|---------|---------|----------------|--------|--------------|-----------------|---------------------|
  default | default | :8199,tls:8080 | GET    | /login3      | main.main.func1 |                      
|---------|---------|----------------|--------|--------------|-----------------|---------------------|
  default | default | :8199,tls:8080 | POST   | /logout      | main.main.func5 |                      
|---------|---------|----------------|--------|--------------|-----------------|---------------------|
  default | default | :8199,tls:8080 | GET    | /user/index3 | main.main.func3 | main.MiddlewareAuth  
|---------|---------|----------------|--------|--------------|-----------------|---------------------|
  default | default | :8199,tls:8080 | GET    | /user/list   | main.main.func4 | main.MiddlewareAuth  
|---------|---------|----------------|--------|--------------|-----------------|---------------------|

2020-07-03 08:27:51.085 1921: https server started listening on [:8080]
2020-07-03 08:35:27.849 [ghttp] 1921: all servers shutdown

  SERVER  | DOMAIN  |    ADDRESS     | METHOD |    ROUTE     |     HANDLER     |     MIDDLEWARE       
|---------|---------|----------------|--------|--------------|-----------------|---------------------|
  default | default | :8199,tls:8080 | POST   | /login       | main.main.func2 |                      
|---------|---------|----------------|--------|--------------|-----------------|---------------------|
  default | default | :8199,tls:8080 | GET    | /login3      | main.main.func1 |                      
|---------|---------|----------------|--------|--------------|-----------------|---------------------|
  default | default | :8199,tls:8080 | POST   | /logout      | main.main.func5 |                      
|---------|---------|----------------|--------|--------------|-----------------|---------------------|
  default | default | :8199,tls:8080 | GET    | /user/index3 | main.main.func3 | main.MiddlewareAuth  
|---------|---------|----------------|--------|--------------|-----------------|---------------------|
  default | default | :8199,tls:8080 | GET    | /user/list   | main.main.func4 | main.MiddlewareAuth  
|---------|---------|----------------|--------|--------------|-----------------|---------------------|

2020-07-03 22:36:05.270 2260: http server started listening on [:8199]
2020-07-03 22:36:05.314 2260: https server started listening on [:8080]
2020-07-03 23:17:22.672 12350: http server started listening on [:8199]

  SERVER  | DOMAIN  |    ADDRESS     | METHOD |    ROUTE     |     HANDLER     |     MIDDLEWARE       
|---------|---------|----------------|--------|--------------|-----------------|---------------------|
  default | default | :8199,tls:8080 | POST   | /login       | main.main.func2 |                      
|---------|---------|----------------|--------|--------------|-----------------|---------------------|
  default | default | :8199,tls:8080 | GET    | /login3      | main.main.func1 |                      
|---------|---------|----------------|--------|--------------|-----------------|---------------------|
  default | default | :8199,tls:8080 | POST   | /logout      | main.main.func5 |                      
|---------|---------|----------------|--------|--------------|-----------------|---------------------|
  default | default | :8199,tls:8080 | GET    | /user/index3 | main.main.func3 | main.MiddlewareAuth  
|---------|---------|----------------|--------|--------------|-----------------|---------------------|
  default | default | :8199,tls:8080 | GET    | /user/list   | main.main.func4 | main.MiddlewareAuth  
|---------|---------|----------------|--------|--------------|-----------------|---------------------|

2020-07-03 23:17:22.673 12350: https server started listening on [:8080]
2020-07-03 23:17:49.355 12846: http server started listening on [:8199]

  SERVER  | DOMAIN  |    ADDRESS     | METHOD |    ROUTE     |     HANDLER     |     MIDDLEWARE       
|---------|---------|----------------|--------|--------------|-----------------|---------------------|
  default | default | :8199,tls:8080 | POST   | /login       | main.main.func2 |                      
|---------|---------|----------------|--------|--------------|-----------------|---------------------|
  default | default | :8199,tls:8080 | GET    | /login3      | main.main.func1 |                      
|---------|---------|----------------|--------|--------------|-----------------|---------------------|
  default | default | :8199,tls:8080 | POST   | /logout      | main.main.func5 |                      
|---------|---------|----------------|--------|--------------|-----------------|---------------------|
  default | default | :8199,tls:8080 | GET    | /user/index3 | main.main.func3 | main.MiddlewareAuth  
|---------|---------|----------------|--------|--------------|-----------------|---------------------|
  default | default | :8199,tls:8080 | GET    | /user/list   | main.main.func4 | main.MiddlewareAuth  
|---------|---------|----------------|--------|--------------|-----------------|---------------------|

2020-07-03 23:17:49.356 12846: https server started listening on [:8080]
2020-07-03 23:30:35.818 16786: http server started listening on [:8199]

  SERVER  | DOMAIN  |    ADDRESS     | METHOD |    ROUTE     |     HANDLER     |     MIDDLEWARE       
|---------|---------|----------------|--------|--------------|-----------------|---------------------|
  default | default | :8199,tls:8080 | POST   | /login       | main.main.func2 |                      
|---------|---------|----------------|--------|--------------|-----------------|---------------------|
  default | default | :8199,tls:8080 | GET    | /login3      | main.main.func1 |                      
|---------|---------|----------------|--------|--------------|-----------------|---------------------|
  default | default | :8199,tls:8080 | POST   | /logout      | main.main.func5 |                      
|---------|---------|----------------|--------|--------------|-----------------|---------------------|
  default | default | :8199,tls:8080 | GET    | /user/index3 | main.main.func3 | main.MiddlewareAuth  
|---------|---------|----------------|--------|--------------|-----------------|---------------------|
  default | default | :8199,tls:8080 | GET    | /user/list   | main.main.func4 | main.MiddlewareAuth  
|---------|---------|----------------|--------|--------------|-----------------|---------------------|

2020-07-03 23:30:35.842 16786: https server started listening on [:8080]
2020-07-03 23:34:37.517 [ERRO] http: TLS handshake error from 127.0.0.1:35680: EOF
2020-07-03 23:45:32.855 4571: http server started listening on [:8199]

  SERVER  | DOMAIN  |    ADDRESS     | METHOD |    ROUTE     |     HANDLER     |     MIDDLEWARE       
|---------|---------|----------------|--------|--------------|-----------------|---------------------|
  default | default | :8199,tls:8080 | POST   | /login       | main.main.func2 |                      
|---------|---------|----------------|--------|--------------|-----------------|---------------------|
  default | default | :8199,tls:8080 | GET    | /login3      | main.main.func1 |                      
|---------|---------|----------------|--------|--------------|-----------------|---------------------|
  default | default | :8199,tls:8080 | POST   | /logout      | main.main.func5 |                      
|---------|---------|----------------|--------|--------------|-----------------|---------------------|
  default | default | :8199,tls:8080 | GET    | /user/index3 | main.main.func3 | main.MiddlewareAuth  
|---------|---------|----------------|--------|--------------|-----------------|---------------------|
  default | default | :8199,tls:8080 | GET    | /user/list   | main.main.func4 | main.MiddlewareAuth  
|---------|---------|----------------|--------|--------------|-----------------|---------------------|

2020-07-03 23:45:32.860 4571: https server started listening on [:8080]
2020-07-03 23:45:39.979 4759: http server started listening on [:8199]

  SERVER  | DOMAIN  |    ADDRESS     | METHOD |    ROUTE     |     HANDLER     |     MIDDLEWARE       
|---------|---------|----------------|--------|--------------|-----------------|---------------------|
  default | default | :8199,tls:8080 | POST   | /login       | main.main.func2 |                      
|---------|---------|----------------|--------|--------------|-----------------|---------------------|
  default | default | :8199,tls:8080 | GET    | /login3      | main.main.func1 |                      
|---------|---------|----------------|--------|--------------|-----------------|---------------------|
  default | default | :8199,tls:8080 | POST   | /logout      | main.main.func5 |                      
|---------|---------|----------------|--------|--------------|-----------------|---------------------|
  default | default | :8199,tls:8080 | GET    | /user/index3 | main.main.func3 | main.MiddlewareAuth  
|---------|---------|----------------|--------|--------------|-----------------|---------------------|
  default | default | :8199,tls:8080 | GET    | /user/list   | main.main.func4 | main.MiddlewareAuth  
|---------|---------|----------------|--------|--------------|-----------------|---------------------|

2020-07-03 23:45:39.983 4759: https server started listening on [:8080]
