2020-06-22 07:48:43.330 16251: http server started listening on [:8199]

  SERVER  | DOMAIN  | ADDRESS | METHOD |     ROUTE      |     HANDLER     | MIDDLEWARE  
|---------|---------|---------|--------|----------------|-----------------|------------|
  default | default | :8199   | GET    | /              | main.main.func1 |             
|---------|---------|---------|--------|----------------|-----------------|------------|
  default | default | :8199   | POST   | /login         | main.main.func4 |             
|---------|---------|---------|--------|----------------|-----------------|------------|
  default | default | :8199   | GET    | /login2        | main.main.func2 |             
|---------|---------|---------|--------|----------------|-----------------|------------|
  default | default | :8199   | GET    | /login3        | main.main.func3 |             
|---------|---------|---------|--------|----------------|-----------------|------------|
  default | default | :8199   | POST   | /logout        | main.main.func9 |             
|---------|---------|---------|--------|----------------|-----------------|------------|
  default | default | :8199   | GET    | /user/index    | main.main.func5 |             
|---------|---------|---------|--------|----------------|-----------------|------------|
  default | default | :8199   | GET    | /user/index2   | main.main.func6 |             
|---------|---------|---------|--------|----------------|-----------------|------------|
  default | default | :8199   | GET    | /user/index3   | main.main.func7 |             
|---------|---------|---------|--------|----------------|-----------------|------------|
  default | default | :8199   | GET    | /user/uesrlist | main.main.func8 |             
|---------|---------|---------|--------|----------------|-----------------|------------|

2020-06-22 07:50:10.932 [ghttp] 16251: all servers shutdown
2020-06-22 07:50:13.609 18437: http server started listening on [:8199]

  SERVER  | DOMAIN  | ADDRESS | METHOD |     ROUTE      |     HANDLER     | MIDDLEWARE  
|---------|---------|---------|--------|----------------|-----------------|------------|
  default | default | :8199   | GET    | /              | main.main.func1 |             
|---------|---------|---------|--------|----------------|-----------------|------------|
  default | default | :8199   | POST   | /login         | main.main.func4 |             
|---------|---------|---------|--------|----------------|-----------------|------------|
  default | default | :8199   | GET    | /login2        | main.main.func2 |             
|---------|---------|---------|--------|----------------|-----------------|------------|
  default | default | :8199   | GET    | /login3        | main.main.func3 |             
|---------|---------|---------|--------|----------------|-----------------|------------|
  default | default | :8199   | POST   | /logout        | main.main.func9 |             
|---------|---------|---------|--------|----------------|-----------------|------------|
  default | default | :8199   | GET    | /user/index    | main.main.func5 |             
|---------|---------|---------|--------|----------------|-----------------|------------|
  default | default | :8199   | GET    | /user/index2   | main.main.func6 |             
|---------|---------|---------|--------|----------------|-----------------|------------|
  default | default | :8199   | GET    | /user/index3   | main.main.func7 |             
|---------|---------|---------|--------|----------------|-----------------|------------|
  default | default | :8199   | GET    | /user/uesrlist | main.main.func8 |             
|---------|---------|---------|--------|----------------|-----------------|------------|

2020-06-22 07:51:02.451 [ghttp] 18437: all servers shutdown
2020-06-22 07:51:05.354 19322: http server started listening on [:8199]

  SERVER  | DOMAIN  | ADDRESS | METHOD |     ROUTE      |     HANDLER     | MIDDLEWARE  
|---------|---------|---------|--------|----------------|-----------------|------------|
  default | default | :8199   | GET    | /              | main.main.func1 |             
|---------|---------|---------|--------|----------------|-----------------|------------|
  default | default | :8199   | POST   | /login         | main.main.func4 |             
|---------|---------|---------|--------|----------------|-----------------|------------|
  default | default | :8199   | GET    | /login2        | main.main.func2 |             
|---------|---------|---------|--------|----------------|-----------------|------------|
  default | default | :8199   | GET    | /login3        | main.main.func3 |             
|---------|---------|---------|--------|----------------|-----------------|------------|
  default | default | :8199   | POST   | /logout        | main.main.func9 |             
|---------|---------|---------|--------|----------------|-----------------|------------|
  default | default | :8199   | GET    | /user/index    | main.main.func5 |             
|---------|---------|---------|--------|----------------|-----------------|------------|
  default | default | :8199   | GET    | /user/index2   | main.main.func6 |             
|---------|---------|---------|--------|----------------|-----------------|------------|
  default | default | :8199   | GET    | /user/index3   | main.main.func7 |             
|---------|---------|---------|--------|----------------|-----------------|------------|
  default | default | :8199   | GET    | /user/uesrlist | main.main.func8 |             
|---------|---------|---------|--------|----------------|-----------------|------------|

2020-06-22 07:51:52.781 [ghttp] 19322: all servers shutdown
2020-06-22 07:51:55.919 20920: http server started listening on [:8199]

  SERVER  | DOMAIN  | ADDRESS | METHOD |     ROUTE      |     HANDLER     | MIDDLEWARE  
|---------|---------|---------|--------|----------------|-----------------|------------|
  default | default | :8199   | GET    | /              | main.main.func1 |             
|---------|---------|---------|--------|----------------|-----------------|------------|
  default | default | :8199   | POST   | /login         | main.main.func4 |             
|---------|---------|---------|--------|----------------|-----------------|------------|
  default | default | :8199   | GET    | /login2        | main.main.func2 |             
|---------|---------|---------|--------|----------------|-----------------|------------|
  default | default | :8199   | GET    | /login3        | main.main.func3 |             
|---------|---------|---------|--------|----------------|-----------------|------------|
  default | default | :8199   | POST   | /logout        | main.main.func9 |             
|---------|---------|---------|--------|----------------|-----------------|------------|
  default | default | :8199   | GET    | /user/index    | main.main.func5 |             
|---------|---------|---------|--------|----------------|-----------------|------------|
  default | default | :8199   | GET    | /user/index2   | main.main.func6 |             
|---------|---------|---------|--------|----------------|-----------------|------------|
  default | default | :8199   | GET    | /user/index3   | main.main.func7 |             
|---------|---------|---------|--------|----------------|-----------------|------------|
  default | default | :8199   | GET    | /user/uesrlist | main.main.func8 |             
|---------|---------|---------|--------|----------------|-----------------|------------|

2020-06-22 07:54:50.664 23774: http server started listening on [:8199]

  SERVER  | DOMAIN  | ADDRESS | METHOD |     ROUTE      |     HANDLER     | MIDDLEWARE  
|---------|---------|---------|--------|----------------|-----------------|------------|
  default | default | :8199   | GET    | /              | main.main.func1 |             
|---------|---------|---------|--------|----------------|-----------------|------------|
  default | default | :8199   | POST   | /login         | main.main.func4 |             
|---------|---------|---------|--------|----------------|-----------------|------------|
  default | default | :8199   | GET    | /login2        | main.main.func2 |             
|---------|---------|---------|--------|----------------|-----------------|------------|
  default | default | :8199   | GET    | /login3        | main.main.func3 |             
|---------|---------|---------|--------|----------------|-----------------|------------|
  default | default | :8199   | POST   | /logout        | main.main.func9 |             
|---------|---------|---------|--------|----------------|-----------------|------------|
  default | default | :8199   | GET    | /user/index    | main.main.func5 |             
|---------|---------|---------|--------|----------------|-----------------|------------|
  default | default | :8199   | GET    | /user/index2   | main.main.func6 |             
|---------|---------|---------|--------|----------------|-----------------|------------|
  default | default | :8199   | GET    | /user/index3   | main.main.func7 |             
|---------|---------|---------|--------|----------------|-----------------|------------|
  default | default | :8199   | GET    | /user/uesrlist | main.main.func8 |             
|---------|---------|---------|--------|----------------|-----------------|------------|

2020-06-22 07:55:52.511 [ghttp] 23774: all servers shutdown
2020-06-22 07:55:56.676 25010: http server started listening on [:8199]

  SERVER  | DOMAIN  | ADDRESS | METHOD |     ROUTE      |     HANDLER     | MIDDLEWARE  
|---------|---------|---------|--------|----------------|-----------------|------------|
  default | default | :8199   | GET    | /              | main.main.func1 |             
|---------|---------|---------|--------|----------------|-----------------|------------|
  default | default | :8199   | POST   | /login         | main.main.func4 |             
|---------|---------|---------|--------|----------------|-----------------|------------|
  default | default | :8199   | GET    | /login2        | main.main.func2 |             
|---------|---------|---------|--------|----------------|-----------------|------------|
  default | default | :8199   | GET    | /login3        | main.main.func3 |             
|---------|---------|---------|--------|----------------|-----------------|------------|
  default | default | :8199   | POST   | /logout        | main.main.func9 |             
|---------|---------|---------|--------|----------------|-----------------|------------|
  default | default | :8199   | GET    | /user/index    | main.main.func5 |             
|---------|---------|---------|--------|----------------|-----------------|------------|
  default | default | :8199   | GET    | /user/index2   | main.main.func6 |             
|---------|---------|---------|--------|----------------|-----------------|------------|
  default | default | :8199   | GET    | /user/index3   | main.main.func7 |             
|---------|---------|---------|--------|----------------|-----------------|------------|
  default | default | :8199   | GET    | /user/uesrlist | main.main.func8 |             
|---------|---------|---------|--------|----------------|-----------------|------------|

2020-06-22 07:56:30.579 26241: http server started listening on [:8199]

  SERVER  | DOMAIN  | ADDRESS | METHOD |     ROUTE      |     HANDLER     | MIDDLEWARE  
|---------|---------|---------|--------|----------------|-----------------|------------|
  default | default | :8199   | GET    | /              | main.main.func1 |             
|---------|---------|---------|--------|----------------|-----------------|------------|
  default | default | :8199   | POST   | /login         | main.main.func4 |             
|---------|---------|---------|--------|----------------|-----------------|------------|
  default | default | :8199   | GET    | /login2        | main.main.func2 |             
|---------|---------|---------|--------|----------------|-----------------|------------|
  default | default | :8199   | GET    | /login3        | main.main.func3 |             
|---------|---------|---------|--------|----------------|-----------------|------------|
  default | default | :8199   | POST   | /logout        | main.main.func9 |             
|---------|---------|---------|--------|----------------|-----------------|------------|
  default | default | :8199   | GET    | /user/index    | main.main.func5 |             
|---------|---------|---------|--------|----------------|-----------------|------------|
  default | default | :8199   | GET    | /user/index2   | main.main.func6 |             
|---------|---------|---------|--------|----------------|-----------------|------------|
  default | default | :8199   | GET    | /user/index3   | main.main.func7 |             
|---------|---------|---------|--------|----------------|-----------------|------------|
  default | default | :8199   | GET    | /user/uesrlist | main.main.func8 |             
|---------|---------|---------|--------|----------------|-----------------|------------|

2020-06-22 07:58:21.030 [ghttp] 26241: all servers shutdown
2020-06-22 07:58:25.786 28216: http server started listening on [:8199]

  SERVER  | DOMAIN  | ADDRESS | METHOD |     ROUTE      |     HANDLER     | MIDDLEWARE  
|---------|---------|---------|--------|----------------|-----------------|------------|
  default | default | :8199   | GET    | /              | main.main.func1 |             
|---------|---------|---------|--------|----------------|-----------------|------------|
  default | default | :8199   | POST   | /login         | main.main.func4 |             
|---------|---------|---------|--------|----------------|-----------------|------------|
  default | default | :8199   | GET    | /login2        | main.main.func2 |             
|---------|---------|---------|--------|----------------|-----------------|------------|
  default | default | :8199   | GET    | /login3        | main.main.func3 |             
|---------|---------|---------|--------|----------------|-----------------|------------|
  default | default | :8199   | POST   | /logout        | main.main.func9 |             
|---------|---------|---------|--------|----------------|-----------------|------------|
  default | default | :8199   | GET    | /user/index    | main.main.func5 |             
|---------|---------|---------|--------|----------------|-----------------|------------|
  default | default | :8199   | GET    | /user/index2   | main.main.func6 |             
|---------|---------|---------|--------|----------------|-----------------|------------|
  default | default | :8199   | GET    | /user/index3   | main.main.func7 |             
|---------|---------|---------|--------|----------------|-----------------|------------|
  default | default | :8199   | GET    | /user/uesrlist | main.main.func8 |             
|---------|---------|---------|--------|----------------|-----------------|------------|

2020-06-22 07:59:16.210 29083: http server started listening on [:8199]

  SERVER  | DOMAIN  | ADDRESS | METHOD |     ROUTE      |     HANDLER     | MIDDLEWARE  
|---------|---------|---------|--------|----------------|-----------------|------------|
  default | default | :8199   | GET    | /              | main.main.func1 |             
|---------|---------|---------|--------|----------------|-----------------|------------|
  default | default | :8199   | POST   | /login         | main.main.func4 |             
|---------|---------|---------|--------|----------------|-----------------|------------|
  default | default | :8199   | GET    | /login2        | main.main.func2 |             
|---------|---------|---------|--------|----------------|-----------------|------------|
  default | default | :8199   | GET    | /login3        | main.main.func3 |             
|---------|---------|---------|--------|----------------|-----------------|------------|
  default | default | :8199   | POST   | /logout        | main.main.func9 |             
|---------|---------|---------|--------|----------------|-----------------|------------|
  default | default | :8199   | GET    | /user/index    | main.main.func5 |             
|---------|---------|---------|--------|----------------|-----------------|------------|
  default | default | :8199   | GET    | /user/index2   | main.main.func6 |             
|---------|---------|---------|--------|----------------|-----------------|------------|
  default | default | :8199   | GET    | /user/index3   | main.main.func7 |             
|---------|---------|---------|--------|----------------|-----------------|------------|
  default | default | :8199   | GET    | /user/uesrlist | main.main.func8 |             
|---------|---------|---------|--------|----------------|-----------------|------------|

2020-06-22 08:01:19.706 31180: http server started listening on [:8199]

  SERVER  | DOMAIN  | ADDRESS | METHOD |     ROUTE      |     HANDLER     | MIDDLEWARE  
|---------|---------|---------|--------|----------------|-----------------|------------|
  default | default | :8199   | GET    | /              | main.main.func1 |             
|---------|---------|---------|--------|----------------|-----------------|------------|
  default | default | :8199   | POST   | /login         | main.main.func4 |             
|---------|---------|---------|--------|----------------|-----------------|------------|
  default | default | :8199   | GET    | /login2        | main.main.func2 |             
|---------|---------|---------|--------|----------------|-----------------|------------|
  default | default | :8199   | GET    | /login3        | main.main.func3 |             
|---------|---------|---------|--------|----------------|-----------------|------------|
  default | default | :8199   | POST   | /logout        | main.main.func9 |             
|---------|---------|---------|--------|----------------|-----------------|------------|
  default | default | :8199   | GET    | /user/index    | main.main.func5 |             
|---------|---------|---------|--------|----------------|-----------------|------------|
  default | default | :8199   | GET    | /user/index2   | main.main.func6 |             
|---------|---------|---------|--------|----------------|-----------------|------------|
  default | default | :8199   | GET    | /user/index3   | main.main.func7 |             
|---------|---------|---------|--------|----------------|-----------------|------------|
  default | default | :8199   | GET    | /user/uesrlist | main.main.func8 |             
|---------|---------|---------|--------|----------------|-----------------|------------|

2020-06-22 08:02:23.575 1207: http server started listening on [:8199]

  SERVER  | DOMAIN  | ADDRESS | METHOD |     ROUTE      |     HANDLER     | MIDDLEWARE  
|---------|---------|---------|--------|----------------|-----------------|------------|
  default | default | :8199   | GET    | /              | main.main.func1 |             
|---------|---------|---------|--------|----------------|-----------------|------------|
  default | default | :8199   | POST   | /login         | main.main.func4 |             
|---------|---------|---------|--------|----------------|-----------------|------------|
  default | default | :8199   | GET    | /login2        | main.main.func2 |             
|---------|---------|---------|--------|----------------|-----------------|------------|
  default | default | :8199   | GET    | /login3        | main.main.func3 |             
|---------|---------|---------|--------|----------------|-----------------|------------|
  default | default | :8199   | POST   | /logout        | main.main.func9 |             
|---------|---------|---------|--------|----------------|-----------------|------------|
  default | default | :8199   | GET    | /user/index    | main.main.func5 |             
|---------|---------|---------|--------|----------------|-----------------|------------|
  default | default | :8199   | GET    | /user/index2   | main.main.func6 |             
|---------|---------|---------|--------|----------------|-----------------|------------|
  default | default | :8199   | GET    | /user/index3   | main.main.func7 |             
|---------|---------|---------|--------|----------------|-----------------|------------|
  default | default | :8199   | GET    | /user/uesrlist | main.main.func8 |             
|---------|---------|---------|--------|----------------|-----------------|------------|

2020-06-22 08:02:34.894 2002: http server started listening on [:8199]

  SERVER  | DOMAIN  | ADDRESS | METHOD |     ROUTE      |     HANDLER     | MIDDLEWARE  
|---------|---------|---------|--------|----------------|-----------------|------------|
  default | default | :8199   | GET    | /              | main.main.func1 |             
|---------|---------|---------|--------|----------------|-----------------|------------|
  default | default | :8199   | POST   | /login         | main.main.func4 |             
|---------|---------|---------|--------|----------------|-----------------|------------|
  default | default | :8199   | GET    | /login2        | main.main.func2 |             
|---------|---------|---------|--------|----------------|-----------------|------------|
  default | default | :8199   | GET    | /login3        | main.main.func3 |             
|---------|---------|---------|--------|----------------|-----------------|------------|
  default | default | :8199   | POST   | /logout        | main.main.func9 |             
|---------|---------|---------|--------|----------------|-----------------|------------|
  default | default | :8199   | GET    | /user/index    | main.main.func5 |             
|---------|---------|---------|--------|----------------|-----------------|------------|
  default | default | :8199   | GET    | /user/index2   | main.main.func6 |             
|---------|---------|---------|--------|----------------|-----------------|------------|
  default | default | :8199   | GET    | /user/index3   | main.main.func7 |             
|---------|---------|---------|--------|----------------|-----------------|------------|
  default | default | :8199   | GET    | /user/uesrlist | main.main.func8 |             
|---------|---------|---------|--------|----------------|-----------------|------------|

2020-06-22 08:03:36.206 3049: http server started listening on [:8199]

  SERVER  | DOMAIN  | ADDRESS | METHOD |     ROUTE      |     HANDLER     | MIDDLEWARE  
|---------|---------|---------|--------|----------------|-----------------|------------|
  default | default | :8199   | GET    | /              | main.main.func1 |             
|---------|---------|---------|--------|----------------|-----------------|------------|
  default | default | :8199   | POST   | /login         | main.main.func4 |             
|---------|---------|---------|--------|----------------|-----------------|------------|
  default | default | :8199   | GET    | /login2        | main.main.func2 |             
|---------|---------|---------|--------|----------------|-----------------|------------|
  default | default | :8199   | GET    | /login3        | main.main.func3 |             
|---------|---------|---------|--------|----------------|-----------------|------------|
  default | default | :8199   | POST   | /logout        | main.main.func9 |             
|---------|---------|---------|--------|----------------|-----------------|------------|
  default | default | :8199   | GET    | /user/index    | main.main.func5 |             
|---------|---------|---------|--------|----------------|-----------------|------------|
  default | default | :8199   | GET    | /user/index2   | main.main.func6 |             
|---------|---------|---------|--------|----------------|-----------------|------------|
  default | default | :8199   | GET    | /user/index3   | main.main.func7 |             
|---------|---------|---------|--------|----------------|-----------------|------------|
  default | default | :8199   | GET    | /user/uesrlist | main.main.func8 |             
|---------|---------|---------|--------|----------------|-----------------|------------|

2020-06-22 08:03:39.001 [ghttp] 3049: all servers shutdown
