
  SERVER  | DOMAIN  |    ADDRESS     | METHOD |    ROUTE     |     HANDLER     |     MIDDLEWARE       
|---------|---------|----------------|--------|--------------|-----------------|---------------------|
  default | default | :8199,tls:8080 | POST   | /login       | main.main.func2 |                      
|---------|---------|----------------|--------|--------------|-----------------|---------------------|
  default | default | :8199,tls:8080 | GET    | /login3      | main.main.func1 |                      
|---------|---------|----------------|--------|--------------|-----------------|---------------------|
  default | default | :8199,tls:8080 | POST   | /logout      | main.main.func5 |                      
|---------|---------|----------------|--------|--------------|-----------------|---------------------|
  default | default | :8199,tls:8080 | GET    | /user/index3 | main.main.func3 | main.MiddlewareAuth  
|---------|---------|----------------|--------|--------------|-----------------|---------------------|
  default | default | :8199,tls:8080 | GET    | /user/list   | main.main.func4 | main.MiddlewareAuth  
|---------|---------|----------------|--------|--------------|-----------------|---------------------|

2020-07-04 00:04:21.274 23215: http server started listening on [:8199]
2020-07-04 00:04:21.275 23215: https server started listening on [:8080]
2020-07-04 00:06:42.735 26185: http server started listening on [:8199]

  SERVER  | DOMAIN  |    ADDRESS     | METHOD |    ROUTE     |     HANDLER     |     MIDDLEWARE       
|---------|---------|----------------|--------|--------------|-----------------|---------------------|
  default | default | :8199,tls:8080 | POST   | /login       | main.main.func2 |                      
|---------|---------|----------------|--------|--------------|-----------------|---------------------|
  default | default | :8199,tls:8080 | GET    | /login3      | main.main.func1 |                      
|---------|---------|----------------|--------|--------------|-----------------|---------------------|
  default | default | :8199,tls:8080 | POST   | /logout      | main.main.func5 |                      
|---------|---------|----------------|--------|--------------|-----------------|---------------------|
  default | default | :8199,tls:8080 | GET    | /user/index3 | main.main.func3 | main.MiddlewareAuth  
|---------|---------|----------------|--------|--------------|-----------------|---------------------|
  default | default | :8199,tls:8080 | GET    | /user/list   | main.main.func4 | main.MiddlewareAuth  
|---------|---------|----------------|--------|--------------|-----------------|---------------------|

2020-07-04 00:06:42.736 26185: https server started listening on [:8080]
2020-07-04 00:07:42.690 27849: http server started listening on [:8199]

  SERVER  | DOMAIN  |    ADDRESS     | METHOD |    ROUTE     |     HANDLER     |     MIDDLEWARE       
|---------|---------|----------------|--------|--------------|-----------------|---------------------|
  default | default | :8199,tls:8080 | POST   | /login       | main.main.func2 |                      
|---------|---------|----------------|--------|--------------|-----------------|---------------------|
  default | default | :8199,tls:8080 | GET    | /login3      | main.main.func1 |                      
|---------|---------|----------------|--------|--------------|-----------------|---------------------|
  default | default | :8199,tls:8080 | POST   | /logout      | main.main.func5 |                      
|---------|---------|----------------|--------|--------------|-----------------|---------------------|
  default | default | :8199,tls:8080 | GET    | /user/index3 | main.main.func3 | main.MiddlewareAuth  
|---------|---------|----------------|--------|--------------|-----------------|---------------------|
  default | default | :8199,tls:8080 | GET    | /user/list   | main.main.func4 | main.MiddlewareAuth  
|---------|---------|----------------|--------|--------------|-----------------|---------------------|

2020-07-04 00:07:42.692 27849: https server started listening on [:8080]
2020-07-04 00:08:20.401 28519: http server started listening on [:8199]

  SERVER  | DOMAIN  |    ADDRESS     | METHOD |    ROUTE     |     HANDLER     |     MIDDLEWARE       
|---------|---------|----------------|--------|--------------|-----------------|---------------------|
  default | default | :8199,tls:8080 | POST   | /login       | main.main.func2 |                      
|---------|---------|----------------|--------|--------------|-----------------|---------------------|
  default | default | :8199,tls:8080 | GET    | /login3      | main.main.func1 |                      
|---------|---------|----------------|--------|--------------|-----------------|---------------------|
  default | default | :8199,tls:8080 | POST   | /logout      | main.main.func5 |                      
|---------|---------|----------------|--------|--------------|-----------------|---------------------|
  default | default | :8199,tls:8080 | GET    | /user/index3 | main.main.func3 | main.MiddlewareAuth  
|---------|---------|----------------|--------|--------------|-----------------|---------------------|
  default | default | :8199,tls:8080 | GET    | /user/list   | main.main.func4 | main.MiddlewareAuth  
|---------|---------|----------------|--------|--------------|-----------------|---------------------|

2020-07-04 00:08:20.402 28519: https server started listening on [:8080]
2020-07-04 00:08:57.519 29247: https server started listening on [:8080]

  SERVER  | DOMAIN  |    ADDRESS     | METHOD |    ROUTE     |     HANDLER     |     MIDDLEWARE       
|---------|---------|----------------|--------|--------------|-----------------|---------------------|
  default | default | :8199,tls:8080 | POST   | /login       | main.main.func2 |                      
|---------|---------|----------------|--------|--------------|-----------------|---------------------|
  default | default | :8199,tls:8080 | GET    | /login3      | main.main.func1 |                      
|---------|---------|----------------|--------|--------------|-----------------|---------------------|
  default | default | :8199,tls:8080 | POST   | /logout      | main.main.func5 |                      
|---------|---------|----------------|--------|--------------|-----------------|---------------------|
  default | default | :8199,tls:8080 | GET    | /user/index3 | main.main.func3 | main.MiddlewareAuth  
|---------|---------|----------------|--------|--------------|-----------------|---------------------|
  default | default | :8199,tls:8080 | GET    | /user/list   | main.main.func4 | main.MiddlewareAuth  
|---------|---------|----------------|--------|--------------|-----------------|---------------------|

2020-07-04 00:08:57.520 29247: http server started listening on [:8199]
